mode: count
github.com/amupxm/xmus-router/interface.go:45.43,47.2 1 0
github.com/amupxm/xmus-router/interface.go:49.41,51.2 1 0
github.com/amupxm/xmus-router/interface.go:53.45,55.2 1 0
github.com/amupxm/xmus-router/interface.go:57.52,58.16 1 20
github.com/amupxm/xmus-router/interface.go:58.16,62.3 3 20
github.com/amupxm/xmus-router/interface.go:65.62,66.16 1 20
github.com/amupxm/xmus-router/interface.go:66.16,68.3 1 0
github.com/amupxm/xmus-router/interface.go:69.2,71.15 3 20
github.com/amupxm/xmus-router/interface.go:84.65,87.41 2 20
github.com/amupxm/xmus-router/interface.go:87.41,88.22 1 0
github.com/amupxm/xmus-router/interface.go:88.22,90.4 1 0
github.com/amupxm/xmus-router/interface.go:93.2,99.3 1 20
github.com/amupxm/xmus-router/interface.go:102.47,104.2 1 0
github.com/amupxm/xmus-router/interface.go:106.49,108.2 1 60
github.com/amupxm/xmus-router/interface.go:110.48,112.2 1 16
github.com/amupxm/xmus-router/interface.go:114.48,116.2 1 0
github.com/amupxm/xmus-router/interface.go:118.50,120.2 1 0
github.com/amupxm/xmus-router/interface.go:122.51,125.2 2 0
github.com/amupxm/xmus-router/interface.go:127.59,129.2 1 32
github.com/amupxm/xmus-router/interface.go:131.53,137.2 4 0
github.com/amupxm/xmus-router/interface.go:139.76,145.2 4 20
github.com/amupxm/xmus-router/interface.go:147.57,152.2 4 0
github.com/amupxm/xmus-router/interface.go:154.60,158.2 3 0
github.com/amupxm/xmus-router/radixtree.go:19.53,20.23 1 5
github.com/amupxm/xmus-router/radixtree.go:20.23,21.19 1 8
github.com/amupxm/xmus-router/radixtree.go:21.19,23.4 1 3
github.com/amupxm/xmus-router/radixtree.go:25.2,25.18 1 2
github.com/amupxm/xmus-router/radixtree.go:29.49,30.34 1 2
github.com/amupxm/xmus-router/radixtree.go:30.34,32.3 1 1
github.com/amupxm/xmus-router/radixtree.go:33.2,33.38 1 1
github.com/amupxm/xmus-router/radixtree.go:85.46,91.2 1 12
github.com/amupxm/xmus-router/radixtree.go:94.73,98.34 3 16
github.com/amupxm/xmus-router/radixtree.go:98.34,99.36 1 1
github.com/amupxm/xmus-router/radixtree.go:102.2,103.25 2 15
github.com/amupxm/xmus-router/radixtree.go:107.79,111.34 3 36
github.com/amupxm/xmus-router/radixtree.go:111.34,113.3 1 2
github.com/amupxm/xmus-router/radixtree.go:116.2,119.24 3 34
github.com/amupxm/xmus-router/radixtree.go:123.73,127.16 2 24
github.com/amupxm/xmus-router/radixtree.go:127.16,128.23 1 0
github.com/amupxm/xmus-router/radixtree.go:128.23,130.4 1 0
github.com/amupxm/xmus-router/radixtree.go:131.3,132.9 2 0
github.com/amupxm/xmus-router/radixtree.go:136.2,136.22 1 24
github.com/amupxm/xmus-router/radixtree.go:136.22,137.54 1 1
github.com/amupxm/xmus-router/radixtree.go:141.2,141.20 1 23
github.com/amupxm/xmus-router/radixtree.go:141.20,144.3 2 6
github.com/amupxm/xmus-router/radixtree.go:147.2,147.20 1 17
github.com/amupxm/xmus-router/radixtree.go:147.20,150.3 2 3
github.com/amupxm/xmus-router/radixtree.go:153.2,153.44 1 14
github.com/amupxm/xmus-router/radixtree.go:157.82,163.22 4 14
github.com/amupxm/xmus-router/radixtree.go:163.22,167.3 2 5
github.com/amupxm/xmus-router/radixtree.go:167.8,171.3 2 9
github.com/amupxm/xmus-router/radixtree.go:174.2,174.18 1 14
github.com/amupxm/xmus-router/radixtree.go:174.18,177.26 3 7
github.com/amupxm/xmus-router/radixtree.go:177.26,179.24 1 3
github.com/amupxm/xmus-router/radixtree.go:179.24,181.5 1 0
github.com/amupxm/xmus-router/radixtree.go:182.4,182.31 1 3
github.com/amupxm/xmus-router/radixtree.go:183.9,186.4 1 4
github.com/amupxm/xmus-router/radixtree.go:187.3,187.9 1 7
github.com/amupxm/xmus-router/radixtree.go:191.2,193.71 3 7
github.com/amupxm/xmus-router/radixtree.go:193.71,195.3 1 23
github.com/amupxm/xmus-router/radixtree.go:198.2,198.29 1 7
github.com/amupxm/xmus-router/radixtree.go:198.29,218.3 7 2
github.com/amupxm/xmus-router/radixtree.go:221.2,221.34 1 7
github.com/amupxm/xmus-router/radixtree.go:221.34,222.26 1 3
github.com/amupxm/xmus-router/radixtree.go:222.26,224.24 1 0
github.com/amupxm/xmus-router/radixtree.go:224.24,226.5 1 0
github.com/amupxm/xmus-router/radixtree.go:227.4,227.31 1 0
github.com/amupxm/xmus-router/radixtree.go:228.9,231.4 1 3
github.com/amupxm/xmus-router/radixtree.go:232.3,232.9 1 3
github.com/amupxm/xmus-router/radixtree.go:236.2,238.31 2 4
github.com/amupxm/xmus-router/radixtree.go:238.31,240.26 1 0
github.com/amupxm/xmus-router/radixtree.go:240.26,241.24 1 0
github.com/amupxm/xmus-router/radixtree.go:241.24,243.5 1 0
github.com/amupxm/xmus-router/radixtree.go:244.4,244.31 1 0
github.com/amupxm/xmus-router/radixtree.go:245.9,247.4 1 0
github.com/amupxm/xmus-router/radixtree.go:248.3,248.9 1 0
github.com/amupxm/xmus-router/radixtree.go:251.2,254.34 2 4
github.com/amupxm/xmus-router/radixtree.go:254.34,255.17 1 3
github.com/amupxm/xmus-router/radixtree.go:255.17,258.4 2 0
github.com/amupxm/xmus-router/radixtree.go:262.2,271.25 3 4
github.com/amupxm/xmus-router/radixtree.go:271.25,274.3 2 2
github.com/amupxm/xmus-router/radixtree.go:274.8,277.3 2 2
github.com/amupxm/xmus-router/radixtree.go:281.81,284.42 2 6
github.com/amupxm/xmus-router/radixtree.go:284.42,286.3 1 12
github.com/amupxm/xmus-router/radixtree.go:288.2,291.25 2 6
github.com/amupxm/xmus-router/radixtree.go:291.25,297.3 1 3
github.com/amupxm/xmus-router/radixtree.go:300.2,300.21 1 6
github.com/amupxm/xmus-router/radixtree.go:300.21,302.3 1 0
github.com/amupxm/xmus-router/radixtree.go:302.8,303.34 1 6
github.com/amupxm/xmus-router/radixtree.go:303.34,305.4 1 0
github.com/amupxm/xmus-router/radixtree.go:306.3,306.41 1 6
github.com/amupxm/xmus-router/radixtree.go:311.84,314.42 2 3
github.com/amupxm/xmus-router/radixtree.go:314.42,316.3 1 12
github.com/amupxm/xmus-router/radixtree.go:318.2,321.24 2 3
github.com/amupxm/xmus-router/radixtree.go:321.24,327.3 1 3
github.com/amupxm/xmus-router/radixtree.go:330.2,330.32 1 3
github.com/amupxm/xmus-router/radixtree.go:330.32,332.3 1 0
github.com/amupxm/xmus-router/radixtree.go:333.2,333.39 1 3
github.com/amupxm/xmus-router/radixtree.go:337.56,340.53 2 4
github.com/amupxm/xmus-router/radixtree.go:340.53,342.3 1 1
github.com/amupxm/xmus-router/radixtree.go:345.2,351.25 6 4
github.com/amupxm/xmus-router/radixtree.go:355.85,357.18 1 51
github.com/amupxm/xmus-router/radixtree.go:357.18,358.62 1 35
github.com/amupxm/xmus-router/radixtree.go:358.62,360.4 1 0
github.com/amupxm/xmus-router/radixtree.go:361.3,363.38 2 35
github.com/amupxm/xmus-router/radixtree.go:363.38,365.4 1 17
github.com/amupxm/xmus-router/radixtree.go:369.2,369.16 1 51
github.com/amupxm/xmus-router/radixtree.go:369.16,370.43 1 16
github.com/amupxm/xmus-router/radixtree.go:370.43,372.4 1 14
github.com/amupxm/xmus-router/radixtree.go:373.3,373.13 1 2
github.com/amupxm/xmus-router/radixtree.go:377.2,377.25 1 35
github.com/amupxm/xmus-router/radixtree.go:377.25,379.35 2 17
github.com/amupxm/xmus-router/radixtree.go:379.35,380.18 1 20
github.com/amupxm/xmus-router/radixtree.go:380.18,381.81 1 17
github.com/amupxm/xmus-router/radixtree.go:381.81,383.6 1 15
github.com/amupxm/xmus-router/radixtree.go:384.5,384.10 1 2
github.com/amupxm/xmus-router/radixtree.go:390.2,390.25 1 20
github.com/amupxm/xmus-router/radixtree.go:390.25,393.43 2 10
github.com/amupxm/xmus-router/radixtree.go:393.43,395.4 1 50
github.com/amupxm/xmus-router/radixtree.go:398.3,403.23 2 10
github.com/amupxm/xmus-router/radixtree.go:403.23,405.55 1 10
github.com/amupxm/xmus-router/radixtree.go:405.55,407.5 1 9
github.com/amupxm/xmus-router/radixtree.go:408.9,410.87 1 0
github.com/amupxm/xmus-router/radixtree.go:410.87,412.5 1 0
github.com/amupxm/xmus-router/radixtree.go:417.2,417.24 1 11
github.com/amupxm/xmus-router/radixtree.go:417.24,423.53 2 7
github.com/amupxm/xmus-router/radixtree.go:423.53,425.4 1 7
github.com/amupxm/xmus-router/radixtree.go:428.2,428.12 1 4
github.com/amupxm/xmus-router/radixtree.go:432.36,434.39 1 31
github.com/amupxm/xmus-router/radixtree.go:434.39,439.58 4 3
github.com/amupxm/xmus-router/radixtree.go:439.58,443.4 3 1
github.com/amupxm/xmus-router/radixtree.go:445.3,446.23 2 3
github.com/amupxm/xmus-router/radixtree.go:450.2,450.35 1 31
github.com/amupxm/xmus-router/radixtree.go:450.35,452.3 1 7
github.com/amupxm/xmus-router/radixtree.go:454.2,454.25 1 31
github.com/amupxm/xmus-router/radixtree.go:454.25,456.3 1 6
github.com/amupxm/xmus-router/radixtree.go:458.2,458.24 1 31
github.com/amupxm/xmus-router/radixtree.go:458.24,460.3 1 4
github.com/amupxm/xmus-router/radixtree.go:464.24,465.11 1 10
github.com/amupxm/xmus-router/radixtree.go:465.11,467.3 1 2
github.com/amupxm/xmus-router/radixtree.go:468.2,468.10 1 8
github.com/amupxm/xmus-router/radixtree.go:475.36,476.17 1 2
github.com/amupxm/xmus-router/radixtree.go:476.17,478.3 1 1
github.com/amupxm/xmus-router/radixtree.go:479.2,479.39 1 1
github.com/amupxm/xmus-router/radixtree.go:483.35,484.17 1 2
github.com/amupxm/xmus-router/radixtree.go:484.17,486.3 1 1
github.com/amupxm/xmus-router/radixtree.go:487.2,487.39 1 1
github.com/amupxm/xmus-router/router.go:31.48,32.20 1 0
github.com/amupxm/xmus-router/router.go:32.20,34.3 1 0
github.com/amupxm/xmus-router/router.go:35.2,40.3 1 0
github.com/amupxm/xmus-router/router.go:46.70,53.20 3 0
github.com/amupxm/xmus-router/router.go:53.20,56.40 2 0
github.com/amupxm/xmus-router/router.go:56.40,58.4 1 0
github.com/amupxm/xmus-router/router.go:58.9,60.4 1 0
github.com/amupxm/xmus-router/router.go:61.3,61.9 1 0
github.com/amupxm/xmus-router/router.go:65.2,65.21 1 0
github.com/amupxm/xmus-router/router.go:65.21,67.28 2 0
github.com/amupxm/xmus-router/router.go:67.28,69.4 1 0
github.com/amupxm/xmus-router/router.go:70.3,70.26 1 0
github.com/amupxm/xmus-router/router.go:74.2,75.46 2 0
github.com/amupxm/xmus-router/router.go:75.46,77.3 1 0
github.com/amupxm/xmus-router/router.go:80.2,80.27 1 0
github.com/amupxm/xmus-router/router.go:84.57,86.2 1 0
github.com/amupxm/xmus-router/router.go:89.46,97.2 3 0
github.com/amupxm/xmus-router/router.go:100.63,103.2 2 0
github.com/amupxm/xmus-router/router.go:106.48,113.2 1 0
github.com/amupxm/xmus-router/router.go:116.45,118.2 1 0
github.com/amupxm/xmus-router/router.go:121.78,123.2 1 0
github.com/amupxm/xmus-router/router.go:126.77,130.78 2 0
github.com/amupxm/xmus-router/router.go:130.78,133.47 2 0
github.com/amupxm/xmus-router/router.go:133.47,135.4 1 0
github.com/amupxm/xmus-router/router.go:136.3,136.26 1 0
github.com/amupxm/xmus-router/router.go:139.2,139.53 1 0
github.com/amupxm/xmus-router/router.go:143.65,145.2 1 0
github.com/amupxm/xmus-router/router.go:147.66,149.2 1 0
github.com/amupxm/xmus-router/router.go:151.65,153.2 1 0
github.com/amupxm/xmus-router/router.go:155.67,157.2 1 0
github.com/amupxm/xmus-router/router.go:159.68,161.2 1 0
github.com/amupxm/xmus-router/router.go:163.66,165.2 1 0
github.com/amupxm/xmus-router/router.go:167.69,169.2 1 0
github.com/amupxm/xmus-router/router.go:172.85,174.2 1 0
github.com/amupxm/xmus-router/router.go:177.64,179.2 1 0
github.com/amupxm/xmus-router/router.go:181.65,183.2 1 0
github.com/amupxm/xmus-router/router.go:185.64,187.2 1 0
github.com/amupxm/xmus-router/router.go:189.66,191.2 1 0
github.com/amupxm/xmus-router/router.go:193.67,195.2 1 0
github.com/amupxm/xmus-router/router.go:197.65,199.2 1 0
github.com/amupxm/xmus-router/router.go:201.68,203.2 1 0
github.com/amupxm/xmus-router/router.go:206.84,208.2 1 0
github.com/amupxm/xmus-router/router.go:211.46,213.99 2 0
github.com/amupxm/xmus-router/router.go:213.99,215.3 1 0
github.com/amupxm/xmus-router/router.go:219.45,221.99 2 0
github.com/amupxm/xmus-router/router.go:221.99,223.3 1 0
